2019-06-15 16:44:34,258 - TweetsAPI - DEBUG - Downloading '@iubloomington' timeline
2019-06-20 13:53:49,000 - TweetsAPI - DEBUG - Test
2019-06-20 13:53:49,000 - TweetsAPI - DEBUG - Test
2019-06-20 13:53:59,737 - TweetsAPI - DEBUG - Test
2019-06-20 13:53:59,737 - TweetsAPI - DEBUG - Test
2019-06-20 13:57:25,493 - TweetsAPI - INFO - Downloading '@iupui' timeline
2019-06-20 13:57:25,850 - TweetsAPI - INFO - Last Tweet @2019-06-15 15:11:11 - fetching some more tweets
2019-06-20 13:57:26,175 - TweetsAPI - INFO - Last Tweet @2019-06-12 16:13:07 - fetching some more tweets
2019-06-20 13:57:26,471 - TweetsAPI - INFO - Last Tweet @2019-06-07 20:01:09 - fetching some more tweets
2019-06-20 13:57:26,826 - TweetsAPI - INFO - Last Tweet @2019-06-04 18:46:02 - fetching some more tweets
2019-06-20 13:57:27,230 - TweetsAPI - INFO - Last Tweet @2019-05-30 19:57:05 - fetching some more tweets
2019-06-20 13:57:27,561 - TweetsAPI - INFO - Last Tweet @2019-05-26 13:56:37 - fetching some more tweets
2019-06-20 13:57:27,934 - TweetsAPI - INFO - Last Tweet @2019-05-22 13:42:02 - fetching some more tweets
2019-06-20 13:57:28,210 - TweetsAPI - INFO - Last Tweet @2019-05-17 16:34:02 - fetching some more tweets
2019-06-20 13:57:28,693 - TweetsAPI - INFO - Last Tweet @2019-05-14 20:04:10 - fetching some more tweets
2019-06-20 13:57:29,027 - TweetsAPI - INFO - Last Tweet @2019-05-11 20:28:05 - fetching some more tweets
2019-06-20 13:57:29,358 - TweetsAPI - INFO - Last Tweet @2019-05-11 12:20:51 - fetching some more tweets
2019-06-20 13:57:29,685 - TweetsAPI - INFO - Last Tweet @2019-05-08 14:41:05 - fetching some more tweets
2019-06-20 13:57:29,980 - TweetsAPI - INFO - Last Tweet @2019-05-02 16:44:03 - fetching some more tweets
2019-06-20 13:57:30,368 - TweetsAPI - INFO - Last Tweet @2019-04-29 14:38:10 - fetching some more tweets
2019-06-20 13:57:30,658 - TweetsAPI - INFO - Last Tweet @2019-04-26 14:47:01 - fetching some more tweets
2019-06-20 13:57:30,977 - TweetsAPI - INFO - Last Tweet @2019-04-23 16:15:00 - fetching some more tweets
2019-06-20 13:57:31,310 - TweetsAPI - INFO - Last Tweet @2019-04-22 16:31:18 - fetching some more tweets
2019-06-20 13:57:31,634 - TweetsAPI - INFO - Last Tweet @2019-04-19 13:00:29 - fetching some more tweets
2019-06-20 13:57:32,003 - TweetsAPI - INFO - Last Tweet @2019-04-16 17:24:46 - fetching some more tweets
2019-06-20 13:57:32,563 - TweetsAPI - INFO - Last Tweet @2019-04-12 12:30:05 - fetching some more tweets
2019-06-20 13:57:32,916 - TweetsAPI - INFO - Last Tweet @2019-04-10 18:48:13 - fetching some more tweets
2019-06-20 13:57:33,334 - TweetsAPI - INFO - Last Tweet @2019-04-08 18:30:12 - fetching some more tweets
2019-06-20 13:57:33,613 - TweetsAPI - INFO - Last Tweet @2019-04-05 14:30:16 - fetching some more tweets
2019-06-20 13:57:33,908 - TweetsAPI - INFO - Last Tweet @2019-04-02 18:18:05 - fetching some more tweets
2019-06-20 13:57:34,372 - TweetsAPI - INFO - Last Tweet @2019-03-29 18:03:33 - fetching some more tweets
2019-06-20 13:57:34,657 - TweetsAPI - INFO - Last Tweet @2019-03-27 14:17:26 - fetching some more tweets
2019-06-20 13:57:35,119 - TweetsAPI - INFO - Last Tweet @2019-03-21 15:54:36 - fetching some more tweets
2019-06-20 13:57:35,506 - TweetsAPI - INFO - Last Tweet @2019-03-19 13:16:51 - fetching some more tweets
2019-06-20 13:57:35,809 - TweetsAPI - INFO - Last Tweet @2019-03-14 16:45:04 - fetching some more tweets
2019-06-20 13:57:36,116 - TweetsAPI - INFO - Last Tweet @2019-03-08 16:34:44 - fetching some more tweets
2019-06-20 13:57:36,561 - TweetsAPI - INFO - Last Tweet @2019-03-05 15:45:52 - fetching some more tweets
2019-06-20 13:57:36,939 - TweetsAPI - INFO - Last Tweet @2019-03-01 18:55:43 - fetching some more tweets
2019-06-20 13:57:37,269 - TweetsAPI - INFO - Last Tweet @2019-02-27 16:25:59 - fetching some more tweets
2019-06-20 13:57:37,553 - TweetsAPI - INFO - Last Tweet @2019-02-22 18:35:15 - fetching some more tweets
2019-06-20 13:57:37,885 - TweetsAPI - INFO - Last Tweet @2019-02-20 15:03:55 - fetching some more tweets
2019-06-20 13:57:38,179 - TweetsAPI - INFO - Last Tweet @2019-02-18 13:58:54 - fetching some more tweets
2019-06-20 13:57:38,481 - TweetsAPI - INFO - Last Tweet @2019-02-14 18:33:49 - fetching some more tweets
2019-06-20 13:57:38,853 - TweetsAPI - INFO - Last Tweet @2019-02-13 15:07:50 - fetching some more tweets
2019-06-20 13:57:39,169 - TweetsAPI - INFO - Last Tweet @2019-02-09 22:58:56 - fetching some more tweets
2019-06-20 13:57:39,566 - TweetsAPI - INFO - Last Tweet @2019-02-05 15:00:43 - fetching some more tweets
2019-06-20 13:57:40,006 - TweetsAPI - INFO - Last Tweet @2019-02-01 21:16:35 - fetching some more tweets
2019-06-20 13:57:40,284 - TweetsAPI - INFO - Last Tweet @2019-01-31 17:01:06 - fetching some more tweets
2019-06-20 13:57:40,597 - TweetsAPI - INFO - Last Tweet @2019-01-29 23:00:10 - fetching some more tweets
2019-06-20 13:57:40,932 - TweetsAPI - INFO - Last Tweet @2019-01-28 18:16:02 - fetching some more tweets
2019-06-20 13:57:41,322 - TweetsAPI - INFO - Last Tweet @2019-01-24 22:57:54 - fetching some more tweets
2019-06-20 13:57:41,790 - TweetsAPI - INFO - Last Tweet @2019-01-24 18:31:07 - fetching some more tweets
2019-06-20 13:57:42,185 - TweetsAPI - INFO - Last Tweet @2019-01-24 15:20:05 - fetching some more tweets
2019-06-20 13:57:42,546 - TweetsAPI - INFO - Last Tweet @2019-01-23 16:55:11 - fetching some more tweets
2019-06-20 13:57:42,858 - TweetsAPI - INFO - Last Tweet @2019-01-19 17:00:21 - fetching some more tweets
2019-06-20 13:57:43,232 - TweetsAPI - INFO - Last Tweet @2019-01-17 20:17:42 - fetching some more tweets
2019-06-20 13:57:43,535 - TweetsAPI - INFO - Last Tweet @2019-01-16 14:12:09 - fetching some more tweets
2019-06-20 13:57:43,816 - TweetsAPI - INFO - Last Tweet @2019-01-14 17:21:03 - fetching some more tweets
2019-06-20 13:57:44,131 - TweetsAPI - INFO - Last Tweet @2019-01-11 20:52:02 - fetching some more tweets
2019-06-20 13:57:44,580 - TweetsAPI - INFO - Last Tweet @2019-01-09 16:59:01 - fetching some more tweets
2019-06-20 13:57:44,964 - TweetsAPI - INFO - Last Tweet @2019-01-07 14:25:27 - fetching some more tweets
2019-06-20 13:57:45,391 - TweetsAPI - INFO - Last Tweet @2019-01-01 00:12:54 - fetching some more tweets
2019-06-20 13:57:45,709 - TweetsAPI - INFO - Last Tweet @2018-12-21 17:01:21 - fetching some more tweets
2019-06-20 13:57:46,056 - TweetsAPI - INFO - Last Tweet @2018-12-18 15:13:38 - fetching some more tweets
2019-06-20 13:57:46,380 - TweetsAPI - INFO - Last Tweet @2018-12-13 02:13:26 - fetching some more tweets
2019-06-20 13:57:46,706 - TweetsAPI - INFO - Last Tweet @2018-12-09 17:43:19 - fetching some more tweets
2019-06-20 13:57:47,031 - TweetsAPI - INFO - Last Tweet @2018-12-06 14:08:03 - fetching some more tweets
2019-06-20 13:57:47,470 - TweetsAPI - INFO - Last Tweet @2018-12-05 15:31:04 - fetching some more tweets
2019-06-20 13:57:47,840 - TweetsAPI - INFO - Last Tweet @2018-12-04 14:59:50 - fetching some more tweets
2019-06-20 13:57:48,135 - TweetsAPI - INFO - Last Tweet @2018-11-30 16:59:17 - fetching some more tweets
2019-06-20 13:57:48,565 - TweetsAPI - INFO - Last Tweet @2018-11-28 14:29:03 - fetching some more tweets
2019-06-20 13:57:48,874 - TweetsAPI - INFO - Last Tweet @2018-11-25 16:25:55 - fetching some more tweets
2019-06-20 13:57:49,166 - TweetsAPI - INFO - Last Tweet @2018-11-19 15:52:18 - fetching some more tweets
2019-06-20 13:57:49,551 - TweetsAPI - INFO - Last Tweet @2018-11-15 02:31:19 - fetching some more tweets
2019-06-20 13:57:49,877 - TweetsAPI - INFO - Last Tweet @2018-11-13 17:40:01 - fetching some more tweets
2019-06-20 13:57:50,190 - TweetsAPI - INFO - Last Tweet @2018-11-10 20:29:02 - fetching some more tweets
2019-06-20 13:57:50,552 - TweetsAPI - INFO - Last Tweet @2018-11-08 00:18:02 - fetching some more tweets
2019-06-20 13:57:50,933 - TweetsAPI - INFO - Last Tweet @2018-11-06 21:18:16 - fetching some more tweets
2019-06-20 13:57:51,345 - TweetsAPI - INFO - Last Tweet @2018-11-05 19:40:02 - fetching some more tweets
2019-06-20 13:57:51,701 - TweetsAPI - INFO - Last Tweet @2018-11-02 21:47:01 - fetching some more tweets
2019-06-20 13:57:52,035 - TweetsAPI - INFO - Last Tweet @2018-10-31 18:34:02 - fetching some more tweets
2019-06-20 13:57:52,404 - TweetsAPI - INFO - Last Tweet @2018-10-29 14:46:26 - fetching some more tweets
2019-06-20 13:57:52,742 - TweetsAPI - INFO - Last Tweet @2018-10-26 16:41:34 - fetching some more tweets
2019-06-20 13:57:53,049 - TweetsAPI - INFO - Last Tweet @2018-10-24 18:20:36 - fetching some more tweets
2019-06-20 13:57:53,440 - TweetsAPI - INFO - Last Tweet @2018-10-23 13:21:57 - fetching some more tweets
2019-06-20 13:57:53,749 - TweetsAPI - INFO - Last Tweet @2018-10-21 15:49:01 - fetching some more tweets
2019-06-20 13:57:54,055 - TweetsAPI - INFO - Last Tweet @2018-10-18 13:07:15 - fetching some more tweets
2019-06-20 13:57:54,487 - TweetsAPI - INFO - Last Tweet @2018-10-16 15:55:15 - fetching some more tweets
2019-06-20 13:57:54,822 - TweetsAPI - INFO - Last Tweet @2018-10-14 15:02:02 - fetching some more tweets
2019-06-20 13:57:55,162 - TweetsAPI - INFO - Last Tweet @2018-10-11 15:33:03 - fetching some more tweets
2019-06-20 13:57:55,516 - TweetsAPI - INFO - Last Tweet @2018-10-05 22:20:17 - fetching some more tweets
2019-06-20 13:57:56,068 - TweetsAPI - INFO - Last Tweet @2018-10-03 16:34:30 - fetching some more tweets
2019-06-20 13:57:56,440 - TweetsAPI - INFO - Last Tweet @2018-09-28 15:15:01 - fetching some more tweets
2019-06-20 13:57:56,810 - TweetsAPI - INFO - Last Tweet @2018-09-25 21:54:01 - fetching some more tweets
2019-06-20 13:57:57,414 - TweetsAPI - INFO - Last Tweet @2018-09-22 19:05:31 - fetching some more tweets
2019-06-20 13:57:57,765 - TweetsAPI - INFO - Last Tweet @2018-09-20 21:38:01 - fetching some more tweets
2019-06-20 13:57:58,608 - TweetsAPI - INFO - Last Tweet @2018-09-18 18:01:00 - fetching some more tweets
2019-06-20 13:57:58,919 - TweetsAPI - INFO - Last Tweet @2018-09-14 14:26:55 - fetching some more tweets
2019-06-20 13:57:59,294 - TweetsAPI - INFO - Last Tweet @2018-09-12 15:33:00 - fetching some more tweets
2019-06-20 13:57:59,681 - TweetsAPI - INFO - Last Tweet @2018-09-10 14:07:42 - fetching some more tweets
2019-06-20 13:58:00,020 - TweetsAPI - INFO - Last Tweet @2018-09-05 18:52:44 - fetching some more tweets
2019-06-20 13:58:00,381 - TweetsAPI - INFO - Last Tweet @2018-09-02 15:05:03 - fetching some more tweets
2019-06-20 13:58:00,722 - TweetsAPI - INFO - Last Tweet @2018-08-29 16:55:49 - fetching some more tweets
2019-06-20 13:58:01,057 - TweetsAPI - INFO - Last Tweet @2018-08-28 14:45:32 - fetching some more tweets
2019-06-20 13:58:01,478 - TweetsAPI - INFO - Last Tweet @2018-08-24 20:29:31 - fetching some more tweets
2019-06-20 13:58:01,888 - TweetsAPI - INFO - Last Tweet @2018-08-23 15:35:00 - fetching some more tweets
2019-06-20 13:58:02,632 - TweetsAPI - INFO - Last Tweet @2018-08-21 16:23:26 - fetching some more tweets
2019-06-20 13:58:02,985 - TweetsAPI - INFO - Last Tweet @2018-08-20 14:13:31 - fetching some more tweets
2019-06-20 13:58:03,498 - TweetsAPI - INFO - Last Tweet @2018-08-17 17:55:28 - fetching some more tweets
2019-06-20 13:58:03,864 - TweetsAPI - INFO - Last Tweet @2018-08-15 17:13:03 - fetching some more tweets
2019-06-20 13:58:04,326 - TweetsAPI - INFO - Last Tweet @2018-08-13 16:05:09 - fetching some more tweets
2019-06-20 13:58:04,647 - TweetsAPI - INFO - Last Tweet @2018-08-07 19:27:26 - fetching some more tweets
2019-06-20 13:58:05,589 - TweetsAPI - INFO - Last Tweet @2018-08-02 18:42:46 - fetching some more tweets
2019-06-20 13:58:05,937 - TweetsAPI - INFO - Last Tweet @2018-07-27 18:00:49 - fetching some more tweets
2019-06-20 13:58:06,225 - TweetsAPI - INFO - Last Tweet @2018-07-25 16:42:32 - fetching some more tweets
2019-06-20 13:58:06,579 - TweetsAPI - INFO - Last Tweet @2018-07-19 16:04:04 - fetching some more tweets
2019-06-20 13:58:06,902 - TweetsAPI - INFO - Last Tweet @2018-07-13 22:42:01 - fetching some more tweets
2019-06-20 13:58:07,273 - TweetsAPI - INFO - Last Tweet @2018-07-10 17:07:23 - fetching some more tweets
2019-06-20 13:58:07,616 - TweetsAPI - INFO - Last Tweet @2018-07-06 18:20:35 - fetching some more tweets
2019-06-20 13:58:08,043 - TweetsAPI - INFO - Last Tweet @2018-07-03 12:49:44 - fetching some more tweets
2019-06-20 13:58:08,419 - TweetsAPI - INFO - Last Tweet @2018-06-28 21:15:53 - fetching some more tweets
2019-06-20 13:58:08,735 - TweetsAPI - INFO - Last Tweet @2018-06-25 12:39:18 - fetching some more tweets
2019-06-20 13:58:09,116 - TweetsAPI - INFO - Last Tweet @2018-06-20 14:54:33 - fetching some more tweets
2019-06-20 13:58:09,529 - TweetsAPI - INFO - Last Tweet @2018-06-15 15:18:57 - fetching some more tweets
2019-06-20 13:58:09,978 - TweetsAPI - INFO - Last Tweet @2018-06-13 12:21:02 - fetching some more tweets
2019-06-20 13:58:10,312 - TweetsAPI - INFO - Last Tweet @2018-06-08 14:51:10 - fetching some more tweets
2019-06-20 13:58:10,665 - TweetsAPI - ERROR - [ERROR]: [Errno 2] No such file or directory: '../../data/raw_data/iupui/twitter/iupui_twitter_data.csv'
2019-06-20 14:02:12,444 - TweetsAPI - INFO - Downloading '@iupui' timeline
2019-06-20 14:02:12,781 - TweetsAPI - INFO - Last Tweet @2019-06-15 15:11:11 - fetching some more tweets
2019-06-20 14:02:13,123 - TweetsAPI - INFO - Last Tweet @2019-06-12 16:13:07 - fetching some more tweets
2019-06-20 14:02:13,430 - TweetsAPI - INFO - Last Tweet @2019-06-07 20:01:09 - fetching some more tweets
2019-06-20 14:02:13,735 - TweetsAPI - INFO - Last Tweet @2019-06-04 18:46:02 - fetching some more tweets
2019-06-20 14:02:14,070 - TweetsAPI - INFO - Last Tweet @2019-05-30 19:57:05 - fetching some more tweets
2019-06-20 14:02:14,465 - TweetsAPI - INFO - Last Tweet @2019-05-26 13:56:37 - fetching some more tweets
2019-06-20 14:02:14,911 - TweetsAPI - INFO - Last Tweet @2019-05-22 13:42:02 - fetching some more tweets
2019-06-20 14:02:15,245 - TweetsAPI - INFO - Last Tweet @2019-05-17 16:34:02 - fetching some more tweets
2019-06-20 14:02:15,582 - TweetsAPI - INFO - Last Tweet @2019-05-14 20:04:10 - fetching some more tweets
2019-06-20 14:02:15,904 - TweetsAPI - INFO - Last Tweet @2019-05-11 20:28:05 - fetching some more tweets
2019-06-20 14:02:16,208 - TweetsAPI - INFO - Last Tweet @2019-05-11 12:20:51 - fetching some more tweets
2019-06-20 14:02:16,498 - TweetsAPI - INFO - Last Tweet @2019-05-08 14:41:05 - fetching some more tweets
2019-06-20 14:02:16,847 - TweetsAPI - INFO - Last Tweet @2019-05-02 16:44:03 - fetching some more tweets
2019-06-20 14:02:17,163 - TweetsAPI - INFO - Last Tweet @2019-04-29 14:38:10 - fetching some more tweets
2019-06-20 14:02:17,460 - TweetsAPI - INFO - Last Tweet @2019-04-26 14:47:01 - fetching some more tweets
2019-06-20 14:02:17,791 - TweetsAPI - INFO - Last Tweet @2019-04-23 16:15:00 - fetching some more tweets
2019-06-20 14:02:18,113 - TweetsAPI - INFO - Last Tweet @2019-04-22 16:31:18 - fetching some more tweets
2019-06-20 14:02:18,460 - TweetsAPI - INFO - Last Tweet @2019-04-19 13:00:29 - fetching some more tweets
2019-06-20 14:02:18,808 - TweetsAPI - INFO - Last Tweet @2019-04-16 17:24:46 - fetching some more tweets
2019-06-20 14:02:19,093 - TweetsAPI - INFO - Last Tweet @2019-04-12 12:30:05 - fetching some more tweets
2019-06-20 14:02:19,509 - TweetsAPI - INFO - Last Tweet @2019-04-10 18:48:13 - fetching some more tweets
2019-06-20 14:02:19,835 - TweetsAPI - INFO - Last Tweet @2019-04-08 18:30:12 - fetching some more tweets
2019-06-20 14:02:20,180 - TweetsAPI - INFO - Last Tweet @2019-04-05 14:30:16 - fetching some more tweets
2019-06-20 14:02:20,859 - TweetsAPI - INFO - Last Tweet @2019-04-02 18:18:05 - fetching some more tweets
2019-06-20 14:02:21,317 - TweetsAPI - INFO - Last Tweet @2019-03-29 18:03:33 - fetching some more tweets
2019-06-20 14:02:21,603 - TweetsAPI - INFO - Last Tweet @2019-03-27 14:17:26 - fetching some more tweets
2019-06-20 14:02:22,028 - TweetsAPI - INFO - Last Tweet @2019-03-21 15:54:36 - fetching some more tweets
2019-06-20 14:02:22,424 - TweetsAPI - INFO - Last Tweet @2019-03-19 13:16:51 - fetching some more tweets
2019-06-20 14:02:22,817 - TweetsAPI - INFO - Last Tweet @2019-03-14 16:45:04 - fetching some more tweets
2019-06-20 14:02:23,155 - TweetsAPI - INFO - Last Tweet @2019-03-08 16:34:44 - fetching some more tweets
2019-06-20 14:02:23,469 - TweetsAPI - INFO - Last Tweet @2019-03-05 15:45:52 - fetching some more tweets
2019-06-20 14:02:23,809 - TweetsAPI - INFO - Last Tweet @2019-03-01 18:55:43 - fetching some more tweets
2019-06-20 14:02:24,095 - TweetsAPI - INFO - Last Tweet @2019-02-27 16:25:59 - fetching some more tweets
2019-06-20 14:02:24,517 - TweetsAPI - INFO - Last Tweet @2019-02-22 18:35:15 - fetching some more tweets
2019-06-20 14:02:24,857 - TweetsAPI - INFO - Last Tweet @2019-02-20 15:03:55 - fetching some more tweets
2019-06-20 14:02:25,415 - TweetsAPI - INFO - Last Tweet @2019-02-18 13:58:54 - fetching some more tweets
2019-06-20 14:02:25,792 - TweetsAPI - INFO - Last Tweet @2019-02-14 18:33:49 - fetching some more tweets
2019-06-20 14:02:26,086 - TweetsAPI - INFO - Last Tweet @2019-02-13 15:07:50 - fetching some more tweets
2019-06-20 14:02:26,582 - TweetsAPI - INFO - Last Tweet @2019-02-09 22:58:56 - fetching some more tweets
2019-06-20 14:02:26,904 - TweetsAPI - INFO - Last Tweet @2019-02-05 15:00:43 - fetching some more tweets
2019-06-20 14:02:27,262 - TweetsAPI - INFO - Last Tweet @2019-02-01 21:16:35 - fetching some more tweets
2019-06-20 14:02:27,577 - TweetsAPI - INFO - Last Tweet @2019-01-31 17:01:06 - fetching some more tweets
2019-06-20 14:02:28,080 - TweetsAPI - INFO - Last Tweet @2019-01-29 23:00:10 - fetching some more tweets
2019-06-20 14:02:28,368 - TweetsAPI - INFO - Last Tweet @2019-01-28 18:16:02 - fetching some more tweets
2019-06-20 14:02:28,778 - TweetsAPI - INFO - Last Tweet @2019-01-24 22:57:54 - fetching some more tweets
2019-06-20 14:02:29,113 - TweetsAPI - INFO - Last Tweet @2019-01-24 18:31:07 - fetching some more tweets
2019-06-20 14:02:29,427 - TweetsAPI - INFO - Last Tweet @2019-01-24 15:20:05 - fetching some more tweets
2019-06-20 14:02:29,729 - TweetsAPI - INFO - Last Tweet @2019-01-23 16:55:11 - fetching some more tweets
2019-06-20 14:02:30,066 - TweetsAPI - INFO - Last Tweet @2019-01-19 17:00:21 - fetching some more tweets
2019-06-20 14:02:30,441 - TweetsAPI - INFO - Last Tweet @2019-01-17 20:17:42 - fetching some more tweets
2019-06-20 14:02:30,752 - TweetsAPI - INFO - Last Tweet @2019-01-16 14:12:09 - fetching some more tweets
2019-06-20 14:02:31,057 - TweetsAPI - INFO - Last Tweet @2019-01-14 17:21:03 - fetching some more tweets
2019-06-20 14:02:31,382 - TweetsAPI - INFO - Last Tweet @2019-01-11 20:52:02 - fetching some more tweets
2019-06-20 14:02:31,677 - TweetsAPI - INFO - Last Tweet @2019-01-09 16:59:01 - fetching some more tweets
2019-06-20 14:02:32,105 - TweetsAPI - INFO - Last Tweet @2019-01-07 14:25:27 - fetching some more tweets
2019-06-20 14:02:32,447 - TweetsAPI - INFO - Last Tweet @2019-01-01 00:12:54 - fetching some more tweets
2019-06-20 14:02:32,814 - TweetsAPI - INFO - Last Tweet @2018-12-21 17:01:21 - fetching some more tweets
2019-06-20 14:02:33,233 - TweetsAPI - INFO - Last Tweet @2018-12-18 15:13:38 - fetching some more tweets
2019-06-20 14:02:33,532 - TweetsAPI - INFO - Last Tweet @2018-12-13 02:13:26 - fetching some more tweets
2019-06-20 14:02:33,919 - TweetsAPI - INFO - Last Tweet @2018-12-09 17:43:19 - fetching some more tweets
2019-06-20 14:02:34,239 - TweetsAPI - INFO - Last Tweet @2018-12-06 14:08:03 - fetching some more tweets
2019-06-20 14:02:34,689 - TweetsAPI - INFO - Last Tweet @2018-12-05 15:31:04 - fetching some more tweets
2019-06-20 14:02:34,989 - TweetsAPI - INFO - Last Tweet @2018-12-04 14:59:50 - fetching some more tweets
2019-06-20 14:02:35,299 - TweetsAPI - INFO - Last Tweet @2018-11-30 16:59:17 - fetching some more tweets
2019-06-20 14:02:35,615 - TweetsAPI - INFO - Last Tweet @2018-11-28 14:29:03 - fetching some more tweets
2019-06-20 14:02:35,949 - TweetsAPI - INFO - Last Tweet @2018-11-25 16:25:55 - fetching some more tweets
2019-06-20 14:02:36,296 - TweetsAPI - INFO - Last Tweet @2018-11-19 15:52:18 - fetching some more tweets
2019-06-20 14:02:36,625 - TweetsAPI - INFO - Last Tweet @2018-11-15 02:31:19 - fetching some more tweets
2019-06-20 14:02:37,137 - TweetsAPI - INFO - Last Tweet @2018-11-13 17:40:01 - fetching some more tweets
2019-06-20 14:02:37,466 - TweetsAPI - INFO - Last Tweet @2018-11-10 20:29:02 - fetching some more tweets
2019-06-20 14:02:37,853 - TweetsAPI - INFO - Last Tweet @2018-11-08 00:18:02 - fetching some more tweets
2019-06-20 14:02:38,267 - TweetsAPI - INFO - Last Tweet @2018-11-06 21:18:16 - fetching some more tweets
2019-06-20 14:02:38,714 - TweetsAPI - INFO - Last Tweet @2018-11-05 19:40:02 - fetching some more tweets
2019-06-20 14:02:39,006 - TweetsAPI - INFO - Last Tweet @2018-11-02 21:47:01 - fetching some more tweets
2019-06-20 14:02:40,158 - TweetsAPI - INFO - Last Tweet @2018-10-31 18:34:02 - fetching some more tweets
2019-06-20 14:02:40,531 - TweetsAPI - INFO - Last Tweet @2018-10-29 14:46:26 - fetching some more tweets
2019-06-20 14:02:40,834 - TweetsAPI - INFO - Last Tweet @2018-10-26 16:41:34 - fetching some more tweets
2019-06-20 14:02:41,177 - TweetsAPI - INFO - Last Tweet @2018-10-24 18:20:36 - fetching some more tweets
2019-06-20 14:02:41,497 - TweetsAPI - INFO - Last Tweet @2018-10-23 13:21:57 - fetching some more tweets
2019-06-20 14:02:41,823 - TweetsAPI - INFO - Last Tweet @2018-10-21 15:49:01 - fetching some more tweets
2019-06-20 14:02:42,203 - TweetsAPI - INFO - Last Tweet @2018-10-18 13:07:15 - fetching some more tweets
2019-06-20 14:02:42,622 - TweetsAPI - INFO - Last Tweet @2018-10-16 15:55:15 - fetching some more tweets
2019-06-20 14:02:42,972 - TweetsAPI - INFO - Last Tweet @2018-10-14 15:02:02 - fetching some more tweets
2019-06-20 14:02:43,306 - TweetsAPI - INFO - Last Tweet @2018-10-11 15:33:03 - fetching some more tweets
2019-06-20 14:02:43,599 - TweetsAPI - INFO - Last Tweet @2018-10-05 22:20:17 - fetching some more tweets
2019-06-20 14:02:43,942 - TweetsAPI - INFO - Last Tweet @2018-10-03 16:34:30 - fetching some more tweets
2019-06-20 14:02:44,389 - TweetsAPI - INFO - Last Tweet @2018-09-28 15:15:01 - fetching some more tweets
2019-06-20 14:02:44,734 - TweetsAPI - INFO - Last Tweet @2018-09-25 21:54:01 - fetching some more tweets
2019-06-20 14:02:45,232 - TweetsAPI - INFO - Last Tweet @2018-09-22 19:05:31 - fetching some more tweets
2019-06-20 14:02:45,633 - TweetsAPI - INFO - Last Tweet @2018-09-20 21:38:01 - fetching some more tweets
2019-06-20 14:02:45,964 - TweetsAPI - INFO - Last Tweet @2018-09-18 18:01:00 - fetching some more tweets
2019-06-20 14:02:46,511 - TweetsAPI - INFO - Last Tweet @2018-09-14 14:26:55 - fetching some more tweets
2019-06-20 14:02:46,884 - TweetsAPI - INFO - Last Tweet @2018-09-12 15:33:00 - fetching some more tweets
2019-06-20 14:02:47,187 - TweetsAPI - INFO - Last Tweet @2018-09-10 14:07:42 - fetching some more tweets
2019-06-20 14:02:47,571 - TweetsAPI - INFO - Last Tweet @2018-09-05 18:52:44 - fetching some more tweets
2019-06-20 14:02:47,948 - TweetsAPI - INFO - Last Tweet @2018-09-02 15:05:03 - fetching some more tweets
2019-06-20 14:02:48,256 - TweetsAPI - INFO - Last Tweet @2018-08-29 16:55:49 - fetching some more tweets
2019-06-20 14:02:48,726 - TweetsAPI - INFO - Last Tweet @2018-08-28 14:45:32 - fetching some more tweets
2019-06-20 14:02:49,285 - TweetsAPI - INFO - Last Tweet @2018-08-24 20:29:31 - fetching some more tweets
2019-06-20 14:02:49,671 - TweetsAPI - INFO - Last Tweet @2018-08-23 15:35:00 - fetching some more tweets
2019-06-20 14:02:50,071 - TweetsAPI - INFO - Last Tweet @2018-08-21 16:23:26 - fetching some more tweets
2019-06-20 14:02:50,434 - TweetsAPI - INFO - Last Tweet @2018-08-20 14:13:31 - fetching some more tweets
2019-06-20 14:02:50,868 - TweetsAPI - INFO - Last Tweet @2018-08-17 17:55:28 - fetching some more tweets
2019-06-20 14:02:51,231 - TweetsAPI - INFO - Last Tweet @2018-08-15 17:13:03 - fetching some more tweets
2019-06-20 14:02:51,621 - TweetsAPI - INFO - Last Tweet @2018-08-13 16:05:09 - fetching some more tweets
2019-06-20 14:02:51,923 - TweetsAPI - INFO - Last Tweet @2018-08-07 19:27:26 - fetching some more tweets
2019-06-20 14:02:52,503 - TweetsAPI - INFO - Last Tweet @2018-08-02 18:42:46 - fetching some more tweets
2019-06-20 14:02:52,950 - TweetsAPI - INFO - Last Tweet @2018-07-27 18:00:49 - fetching some more tweets
2019-06-20 14:02:53,239 - TweetsAPI - INFO - Last Tweet @2018-07-25 16:42:32 - fetching some more tweets
2019-06-20 14:02:53,671 - TweetsAPI - INFO - Last Tweet @2018-07-19 16:04:04 - fetching some more tweets
2019-06-20 14:02:53,994 - TweetsAPI - INFO - Last Tweet @2018-07-13 22:42:01 - fetching some more tweets
2019-06-20 14:02:54,387 - TweetsAPI - INFO - Last Tweet @2018-07-10 17:07:23 - fetching some more tweets
2019-06-20 14:02:54,916 - TweetsAPI - INFO - Last Tweet @2018-07-06 18:20:35 - fetching some more tweets
2019-06-20 14:02:55,336 - TweetsAPI - INFO - Last Tweet @2018-07-03 12:49:44 - fetching some more tweets
2019-06-20 14:02:55,687 - TweetsAPI - INFO - Last Tweet @2018-06-28 21:15:53 - fetching some more tweets
2019-06-20 14:02:56,004 - TweetsAPI - INFO - Last Tweet @2018-06-25 12:39:18 - fetching some more tweets
2019-06-20 14:02:56,354 - TweetsAPI - INFO - Last Tweet @2018-06-20 14:54:33 - fetching some more tweets
2019-06-20 14:02:56,702 - TweetsAPI - INFO - Last Tweet @2018-06-15 15:18:57 - fetching some more tweets
2019-06-20 14:02:57,163 - TweetsAPI - INFO - Last Tweet @2018-06-13 12:21:02 - fetching some more tweets
2019-06-20 14:02:57,659 - TweetsAPI - INFO - Last Tweet @2018-06-08 14:51:10 - fetching some more tweets
2019-06-20 14:02:58,113 - TweetsAPI - ERROR - [ERROR]: [Errno 21] Is a directory: '../../data/raw_data/iupui/twitter/iupui_twitter_data.csv'
2019-06-20 14:04:29,962 - TweetsAPI - INFO - Downloading '@iupui' timeline
2019-06-20 14:04:30,323 - TweetsAPI - INFO - Last Tweet @2019-06-15 15:11:11 - fetching some more tweets
2019-06-20 14:04:30,632 - TweetsAPI - INFO - Last Tweet @2019-06-12 16:13:07 - fetching some more tweets
2019-06-20 14:04:30,926 - TweetsAPI - INFO - Last Tweet @2019-06-07 20:01:09 - fetching some more tweets
2019-06-20 14:04:31,326 - TweetsAPI - INFO - Last Tweet @2019-06-04 18:46:02 - fetching some more tweets
2019-06-20 14:04:31,696 - TweetsAPI - INFO - Last Tweet @2019-05-30 19:57:05 - fetching some more tweets
2019-06-20 14:04:32,048 - TweetsAPI - INFO - Last Tweet @2019-05-26 13:56:37 - fetching some more tweets
2019-06-20 14:04:32,384 - TweetsAPI - INFO - Last Tweet @2019-05-22 13:42:02 - fetching some more tweets
2019-06-20 14:04:32,675 - TweetsAPI - INFO - Last Tweet @2019-05-17 16:34:02 - fetching some more tweets
2019-06-20 14:04:32,984 - TweetsAPI - INFO - Last Tweet @2019-05-14 20:04:10 - fetching some more tweets
2019-06-20 14:04:33,325 - TweetsAPI - INFO - Last Tweet @2019-05-11 20:28:05 - fetching some more tweets
2019-06-20 14:04:33,605 - TweetsAPI - INFO - Last Tweet @2019-05-11 12:20:51 - fetching some more tweets
2019-06-20 14:04:33,913 - TweetsAPI - INFO - Last Tweet @2019-05-08 14:41:05 - fetching some more tweets
2019-06-20 14:04:34,246 - TweetsAPI - INFO - Last Tweet @2019-05-02 16:44:03 - fetching some more tweets
2019-06-20 14:04:34,589 - TweetsAPI - INFO - Last Tweet @2019-04-29 14:38:10 - fetching some more tweets
2019-06-20 14:04:34,876 - TweetsAPI - INFO - Last Tweet @2019-04-26 14:47:01 - fetching some more tweets
2019-06-20 14:04:35,218 - TweetsAPI - INFO - Last Tweet @2019-04-23 16:15:00 - fetching some more tweets
2019-06-20 14:04:35,605 - TweetsAPI - INFO - Last Tweet @2019-04-22 16:31:18 - fetching some more tweets
2019-06-20 14:04:36,040 - TweetsAPI - INFO - Last Tweet @2019-04-19 13:00:29 - fetching some more tweets
2019-06-20 14:04:36,342 - TweetsAPI - INFO - Last Tweet @2019-04-16 17:24:46 - fetching some more tweets
2019-06-20 14:04:36,685 - TweetsAPI - INFO - Last Tweet @2019-04-12 12:30:05 - fetching some more tweets
2019-06-20 14:04:37,169 - TweetsAPI - INFO - Last Tweet @2019-04-10 18:48:13 - fetching some more tweets
2019-06-20 14:04:37,568 - TweetsAPI - INFO - Last Tweet @2019-04-08 18:30:12 - fetching some more tweets
2019-06-20 14:04:37,880 - TweetsAPI - INFO - Last Tweet @2019-04-05 14:30:16 - fetching some more tweets
2019-06-20 14:04:38,185 - TweetsAPI - INFO - Last Tweet @2019-04-02 18:18:05 - fetching some more tweets
2019-06-20 14:04:38,503 - TweetsAPI - INFO - Last Tweet @2019-03-29 18:03:33 - fetching some more tweets
2019-06-20 14:04:38,815 - TweetsAPI - INFO - Last Tweet @2019-03-27 14:17:26 - fetching some more tweets
2019-06-20 14:04:39,187 - TweetsAPI - INFO - Last Tweet @2019-03-21 15:54:36 - fetching some more tweets
2019-06-20 14:04:39,582 - TweetsAPI - INFO - Last Tweet @2019-03-19 13:16:51 - fetching some more tweets
2019-06-20 14:04:39,929 - TweetsAPI - INFO - Last Tweet @2019-03-14 16:45:04 - fetching some more tweets
2019-06-20 14:04:40,212 - TweetsAPI - INFO - Last Tweet @2019-03-08 16:34:44 - fetching some more tweets
2019-06-20 14:04:40,510 - TweetsAPI - INFO - Last Tweet @2019-03-05 15:45:52 - fetching some more tweets
2019-06-20 14:04:40,838 - TweetsAPI - INFO - Last Tweet @2019-03-01 18:55:43 - fetching some more tweets
2019-06-20 14:04:41,223 - TweetsAPI - INFO - Last Tweet @2019-02-27 16:25:59 - fetching some more tweets
2019-06-20 14:04:41,567 - TweetsAPI - INFO - Last Tweet @2019-02-22 18:35:15 - fetching some more tweets
2019-06-20 14:04:41,914 - TweetsAPI - INFO - Last Tweet @2019-02-20 15:03:55 - fetching some more tweets
2019-06-20 14:04:42,233 - TweetsAPI - INFO - Last Tweet @2019-02-18 13:58:54 - fetching some more tweets
2019-06-20 14:04:42,622 - TweetsAPI - INFO - Last Tweet @2019-02-14 18:33:49 - fetching some more tweets
2019-06-20 14:04:42,949 - TweetsAPI - INFO - Last Tweet @2019-02-13 15:07:50 - fetching some more tweets
2019-06-20 14:04:43,279 - TweetsAPI - INFO - Last Tweet @2019-02-09 22:58:56 - fetching some more tweets
2019-06-20 14:04:43,583 - TweetsAPI - INFO - Last Tweet @2019-02-05 15:00:43 - fetching some more tweets
2019-06-20 14:04:44,007 - TweetsAPI - INFO - Last Tweet @2019-02-01 21:16:35 - fetching some more tweets
2019-06-20 14:04:44,293 - TweetsAPI - INFO - Last Tweet @2019-01-31 17:01:06 - fetching some more tweets
2019-06-20 14:04:44,634 - TweetsAPI - INFO - Last Tweet @2019-01-29 23:00:10 - fetching some more tweets
2019-06-20 14:04:44,941 - TweetsAPI - INFO - Last Tweet @2019-01-28 18:16:02 - fetching some more tweets
2019-06-20 14:04:45,294 - TweetsAPI - INFO - Last Tweet @2019-01-24 22:57:54 - fetching some more tweets
2019-06-20 14:04:45,600 - TweetsAPI - INFO - Last Tweet @2019-01-24 18:31:07 - fetching some more tweets
2019-06-20 14:04:45,923 - TweetsAPI - INFO - Last Tweet @2019-01-24 15:20:05 - fetching some more tweets
2019-06-20 14:04:46,307 - TweetsAPI - INFO - Last Tweet @2019-01-23 16:55:11 - fetching some more tweets
2019-06-20 14:04:46,632 - TweetsAPI - INFO - Last Tweet @2019-01-19 17:00:21 - fetching some more tweets
2019-06-20 14:04:46,971 - TweetsAPI - INFO - Last Tweet @2019-01-17 20:17:42 - fetching some more tweets
2019-06-20 14:04:47,260 - TweetsAPI - INFO - Last Tweet @2019-01-16 14:12:09 - fetching some more tweets
2019-06-20 14:04:47,588 - TweetsAPI - INFO - Last Tweet @2019-01-14 17:21:03 - fetching some more tweets
2019-06-20 14:04:47,919 - TweetsAPI - INFO - Last Tweet @2019-01-11 20:52:02 - fetching some more tweets
2019-06-20 14:04:48,235 - TweetsAPI - INFO - Last Tweet @2019-01-09 16:59:01 - fetching some more tweets
2019-06-20 14:04:48,590 - TweetsAPI - INFO - Last Tweet @2019-01-07 14:25:27 - fetching some more tweets
2019-06-20 14:04:49,020 - TweetsAPI - INFO - Last Tweet @2019-01-01 00:12:54 - fetching some more tweets
2019-06-20 14:04:49,323 - TweetsAPI - INFO - Last Tweet @2018-12-21 17:01:21 - fetching some more tweets
2019-06-20 14:04:49,701 - TweetsAPI - INFO - Last Tweet @2018-12-18 15:13:38 - fetching some more tweets
2019-06-20 14:04:50,134 - TweetsAPI - INFO - Last Tweet @2018-12-13 02:13:26 - fetching some more tweets
2019-06-20 14:04:50,464 - TweetsAPI - INFO - Last Tweet @2018-12-09 17:43:19 - fetching some more tweets
2019-06-20 14:04:50,742 - TweetsAPI - INFO - Last Tweet @2018-12-06 14:08:03 - fetching some more tweets
2019-06-20 14:04:51,139 - TweetsAPI - INFO - Last Tweet @2018-12-05 15:31:04 - fetching some more tweets
2019-06-20 14:04:51,439 - TweetsAPI - INFO - Last Tweet @2018-12-04 14:59:50 - fetching some more tweets
2019-06-20 14:04:51,742 - TweetsAPI - INFO - Last Tweet @2018-11-30 16:59:17 - fetching some more tweets
2019-06-20 14:04:52,033 - TweetsAPI - INFO - Last Tweet @2018-11-28 14:29:03 - fetching some more tweets
2019-06-20 14:04:52,401 - TweetsAPI - INFO - Last Tweet @2018-11-25 16:25:55 - fetching some more tweets
2019-06-20 14:04:52,727 - TweetsAPI - INFO - Last Tweet @2018-11-19 15:52:18 - fetching some more tweets
2019-06-20 14:04:53,141 - TweetsAPI - INFO - Last Tweet @2018-11-15 02:31:19 - fetching some more tweets
2019-06-20 14:04:53,534 - TweetsAPI - INFO - Last Tweet @2018-11-13 17:40:01 - fetching some more tweets
2019-06-20 14:04:54,029 - TweetsAPI - INFO - Last Tweet @2018-11-10 20:29:02 - fetching some more tweets
2019-06-20 14:04:54,360 - TweetsAPI - INFO - Last Tweet @2018-11-08 00:18:02 - fetching some more tweets
2019-06-20 14:04:54,884 - TweetsAPI - INFO - Last Tweet @2018-11-06 21:18:16 - fetching some more tweets
2019-06-20 14:04:55,335 - TweetsAPI - INFO - Last Tweet @2018-11-05 19:40:02 - fetching some more tweets
2019-06-20 14:04:55,629 - TweetsAPI - INFO - Last Tweet @2018-11-02 21:47:01 - fetching some more tweets
2019-06-20 14:04:55,971 - TweetsAPI - INFO - Last Tweet @2018-10-31 18:34:02 - fetching some more tweets
2019-06-20 14:04:56,351 - TweetsAPI - INFO - Last Tweet @2018-10-29 14:46:26 - fetching some more tweets
2019-06-20 14:04:56,733 - TweetsAPI - INFO - Last Tweet @2018-10-26 16:41:34 - fetching some more tweets
2019-06-20 14:04:57,138 - TweetsAPI - INFO - Last Tweet @2018-10-24 18:20:36 - fetching some more tweets
2019-06-20 14:04:57,473 - TweetsAPI - INFO - Last Tweet @2018-10-23 13:21:57 - fetching some more tweets
2019-06-20 14:04:57,780 - TweetsAPI - INFO - Last Tweet @2018-10-21 15:49:01 - fetching some more tweets
2019-06-20 14:04:58,128 - TweetsAPI - INFO - Last Tweet @2018-10-18 13:07:15 - fetching some more tweets
2019-06-20 14:04:59,290 - TweetsAPI - INFO - Last Tweet @2018-10-16 15:55:15 - fetching some more tweets
2019-06-20 14:04:59,617 - TweetsAPI - INFO - Last Tweet @2018-10-14 15:02:02 - fetching some more tweets
2019-06-20 14:04:59,950 - TweetsAPI - INFO - Last Tweet @2018-10-11 15:33:03 - fetching some more tweets
2019-06-20 14:05:00,334 - TweetsAPI - INFO - Last Tweet @2018-10-05 22:20:17 - fetching some more tweets
2019-06-20 14:05:00,653 - TweetsAPI - INFO - Last Tweet @2018-10-03 16:34:30 - fetching some more tweets
2019-06-20 14:05:01,066 - TweetsAPI - INFO - Last Tweet @2018-09-28 15:15:01 - fetching some more tweets
2019-06-20 14:05:01,521 - TweetsAPI - INFO - Last Tweet @2018-09-25 21:54:01 - fetching some more tweets
2019-06-20 14:05:02,077 - TweetsAPI - INFO - Last Tweet @2018-09-22 19:05:31 - fetching some more tweets
2019-06-20 14:05:02,657 - TweetsAPI - INFO - Last Tweet @2018-09-20 21:38:01 - fetching some more tweets
2019-06-20 14:05:03,135 - TweetsAPI - INFO - Last Tweet @2018-09-18 18:01:00 - fetching some more tweets
2019-06-20 14:05:03,622 - TweetsAPI - INFO - Last Tweet @2018-09-14 14:26:55 - fetching some more tweets
2019-06-20 14:05:03,961 - TweetsAPI - INFO - Last Tweet @2018-09-12 15:33:00 - fetching some more tweets
2019-06-20 14:05:04,431 - TweetsAPI - INFO - Last Tweet @2018-09-10 14:07:42 - fetching some more tweets
2019-06-20 14:05:04,758 - TweetsAPI - INFO - Last Tweet @2018-09-05 18:52:44 - fetching some more tweets
2019-06-20 14:05:05,110 - TweetsAPI - INFO - Last Tweet @2018-09-02 15:05:03 - fetching some more tweets
2019-06-20 14:05:05,471 - TweetsAPI - INFO - Last Tweet @2018-08-29 16:55:49 - fetching some more tweets
2019-06-20 14:05:06,185 - TweetsAPI - INFO - Last Tweet @2018-08-28 14:45:32 - fetching some more tweets
2019-06-20 14:05:06,540 - TweetsAPI - INFO - Last Tweet @2018-08-24 20:29:31 - fetching some more tweets
2019-06-20 14:05:06,944 - TweetsAPI - INFO - Last Tweet @2018-08-23 15:35:00 - fetching some more tweets
2019-06-20 14:05:07,405 - TweetsAPI - INFO - Last Tweet @2018-08-21 16:23:26 - fetching some more tweets
2019-06-20 14:05:07,790 - TweetsAPI - INFO - Last Tweet @2018-08-20 14:13:31 - fetching some more tweets
2019-06-20 14:05:08,134 - TweetsAPI - INFO - Last Tweet @2018-08-17 17:55:28 - fetching some more tweets
2019-06-20 14:05:08,516 - TweetsAPI - INFO - Last Tweet @2018-08-15 17:13:03 - fetching some more tweets
2019-06-20 14:05:08,944 - TweetsAPI - INFO - Last Tweet @2018-08-13 16:05:09 - fetching some more tweets
2019-06-20 14:05:09,294 - TweetsAPI - INFO - Last Tweet @2018-08-07 19:27:26 - fetching some more tweets
2019-06-20 14:05:09,585 - TweetsAPI - INFO - Last Tweet @2018-08-02 18:42:46 - fetching some more tweets
2019-06-20 14:05:10,059 - TweetsAPI - INFO - Last Tweet @2018-07-27 18:00:49 - fetching some more tweets
2019-06-20 14:05:10,384 - TweetsAPI - INFO - Last Tweet @2018-07-25 16:42:32 - fetching some more tweets
2019-06-20 14:05:10,682 - TweetsAPI - INFO - Last Tweet @2018-07-19 16:04:04 - fetching some more tweets
2019-06-20 14:05:11,303 - TweetsAPI - INFO - Last Tweet @2018-07-13 22:42:01 - fetching some more tweets
2019-06-20 14:05:11,654 - TweetsAPI - INFO - Last Tweet @2018-07-10 17:07:23 - fetching some more tweets
2019-06-20 14:05:11,973 - TweetsAPI - INFO - Last Tweet @2018-07-06 18:20:35 - fetching some more tweets
2019-06-20 14:05:12,290 - TweetsAPI - INFO - Last Tweet @2018-07-03 12:49:44 - fetching some more tweets
2019-06-20 14:05:12,668 - TweetsAPI - INFO - Last Tweet @2018-06-28 21:15:53 - fetching some more tweets
2019-06-20 14:05:12,997 - TweetsAPI - INFO - Last Tweet @2018-06-25 12:39:18 - fetching some more tweets
2019-06-20 14:05:13,575 - TweetsAPI - INFO - Last Tweet @2018-06-20 14:54:33 - fetching some more tweets
2019-06-20 14:05:13,907 - TweetsAPI - INFO - Last Tweet @2018-06-15 15:18:57 - fetching some more tweets
2019-06-20 14:05:14,271 - TweetsAPI - INFO - Last Tweet @2018-06-13 12:21:02 - fetching some more tweets
2019-06-20 14:05:14,655 - TweetsAPI - INFO - Last Tweet @2018-06-08 14:51:10 - fetching some more tweets
2019-06-20 14:05:15,010 - TweetsAPI - ERROR - [ERROR]: can only concatenate str (not "PosixPath") to str
2019-06-20 14:05:30,021 - TweetsAPI - INFO - Downloading '@iupui' timeline
2019-06-20 14:05:30,472 - TweetsAPI - INFO - Last Tweet @2019-06-15 15:11:11 - fetching some more tweets
2019-06-20 14:05:30,825 - TweetsAPI - INFO - Last Tweet @2019-06-12 16:13:07 - fetching some more tweets
2019-06-20 14:05:31,179 - TweetsAPI - INFO - Last Tweet @2019-06-07 20:01:09 - fetching some more tweets
2019-06-20 14:05:31,478 - TweetsAPI - INFO - Last Tweet @2019-06-04 18:46:02 - fetching some more tweets
2019-06-20 14:05:31,809 - TweetsAPI - INFO - Last Tweet @2019-05-30 19:57:05 - fetching some more tweets
2019-06-20 14:05:32,144 - TweetsAPI - INFO - Last Tweet @2019-05-26 13:56:37 - fetching some more tweets
2019-06-20 14:05:32,563 - TweetsAPI - INFO - Last Tweet @2019-05-22 13:42:02 - fetching some more tweets
2019-06-20 14:05:32,883 - TweetsAPI - INFO - Last Tweet @2019-05-17 16:34:02 - fetching some more tweets
2019-06-20 14:05:33,199 - TweetsAPI - INFO - Last Tweet @2019-05-14 20:04:10 - fetching some more tweets
2019-06-20 14:05:33,579 - TweetsAPI - INFO - Last Tweet @2019-05-11 20:28:05 - fetching some more tweets
2019-06-20 14:05:34,070 - TweetsAPI - INFO - Last Tweet @2019-05-11 12:20:51 - fetching some more tweets
2019-06-20 14:05:34,497 - TweetsAPI - INFO - Last Tweet @2019-05-08 14:41:05 - fetching some more tweets
2019-06-20 14:05:34,871 - TweetsAPI - INFO - Last Tweet @2019-05-02 16:44:03 - fetching some more tweets
2019-06-20 14:05:35,174 - TweetsAPI - INFO - Last Tweet @2019-04-29 14:38:10 - fetching some more tweets
2019-06-20 14:05:35,595 - TweetsAPI - INFO - Last Tweet @2019-04-26 14:47:01 - fetching some more tweets
2019-06-20 14:05:35,926 - TweetsAPI - INFO - Last Tweet @2019-04-23 16:15:00 - fetching some more tweets
2019-06-20 14:05:36,221 - TweetsAPI - INFO - Last Tweet @2019-04-22 16:31:18 - fetching some more tweets
2019-06-20 14:05:36,543 - TweetsAPI - INFO - Last Tweet @2019-04-19 13:00:29 - fetching some more tweets
2019-06-20 14:05:36,843 - TweetsAPI - INFO - Last Tweet @2019-04-16 17:24:46 - fetching some more tweets
2019-06-20 14:05:37,179 - TweetsAPI - INFO - Last Tweet @2019-04-12 12:30:05 - fetching some more tweets
2019-06-20 14:05:37,571 - TweetsAPI - INFO - Last Tweet @2019-04-10 18:48:13 - fetching some more tweets
2019-06-20 14:05:37,937 - TweetsAPI - INFO - Last Tweet @2019-04-08 18:30:12 - fetching some more tweets
2019-06-20 14:05:38,284 - TweetsAPI - INFO - Last Tweet @2019-04-05 14:30:16 - fetching some more tweets
2019-06-20 14:05:38,780 - TweetsAPI - INFO - Last Tweet @2019-04-02 18:18:05 - fetching some more tweets
2019-06-20 14:05:39,073 - TweetsAPI - INFO - Last Tweet @2019-03-29 18:03:33 - fetching some more tweets
2019-06-20 14:05:39,372 - TweetsAPI - INFO - Last Tweet @2019-03-27 14:17:26 - fetching some more tweets
2019-06-20 14:05:39,646 - TweetsAPI - INFO - Last Tweet @2019-03-21 15:54:36 - fetching some more tweets
2019-06-20 14:05:39,963 - TweetsAPI - INFO - Last Tweet @2019-03-19 13:16:51 - fetching some more tweets
2019-06-20 14:05:40,372 - TweetsAPI - INFO - Last Tweet @2019-03-14 16:45:04 - fetching some more tweets
2019-06-20 14:05:40,884 - TweetsAPI - INFO - Last Tweet @2019-03-08 16:34:44 - fetching some more tweets
2019-06-20 14:05:41,278 - TweetsAPI - INFO - Last Tweet @2019-03-05 15:45:52 - fetching some more tweets
2019-06-20 14:05:41,674 - TweetsAPI - INFO - Last Tweet @2019-03-01 18:55:43 - fetching some more tweets
2019-06-20 14:05:42,003 - TweetsAPI - INFO - Last Tweet @2019-02-27 16:25:59 - fetching some more tweets
2019-06-20 14:05:42,345 - TweetsAPI - INFO - Last Tweet @2019-02-22 18:35:15 - fetching some more tweets
2019-06-20 14:05:42,737 - TweetsAPI - INFO - Last Tweet @2019-02-20 15:03:55 - fetching some more tweets
2019-06-20 14:05:43,026 - TweetsAPI - INFO - Last Tweet @2019-02-18 13:58:54 - fetching some more tweets
2019-06-20 14:05:43,485 - TweetsAPI - INFO - Last Tweet @2019-02-14 18:33:49 - fetching some more tweets
2019-06-20 14:05:43,792 - TweetsAPI - INFO - Last Tweet @2019-02-13 15:07:50 - fetching some more tweets
2019-06-20 14:05:44,074 - TweetsAPI - INFO - Last Tweet @2019-02-09 22:58:56 - fetching some more tweets
2019-06-20 14:05:44,375 - TweetsAPI - INFO - Last Tweet @2019-02-05 15:00:43 - fetching some more tweets
2019-06-20 14:05:44,697 - TweetsAPI - INFO - Last Tweet @2019-02-01 21:16:35 - fetching some more tweets
2019-06-20 14:05:45,026 - TweetsAPI - INFO - Last Tweet @2019-01-31 17:01:06 - fetching some more tweets
2019-06-20 14:05:45,350 - TweetsAPI - INFO - Last Tweet @2019-01-29 23:00:10 - fetching some more tweets
2019-06-20 14:05:45,752 - TweetsAPI - INFO - Last Tweet @2019-01-28 18:16:02 - fetching some more tweets
2019-06-20 14:05:46,067 - TweetsAPI - INFO - Last Tweet @2019-01-24 22:57:54 - fetching some more tweets
2019-06-20 14:05:46,390 - TweetsAPI - INFO - Last Tweet @2019-01-24 18:31:07 - fetching some more tweets
2019-06-20 14:05:46,667 - TweetsAPI - INFO - Last Tweet @2019-01-24 15:20:05 - fetching some more tweets
2019-06-20 14:05:46,979 - TweetsAPI - INFO - Last Tweet @2019-01-23 16:55:11 - fetching some more tweets
2019-06-20 14:05:47,309 - TweetsAPI - INFO - Last Tweet @2019-01-19 17:00:21 - fetching some more tweets
2019-06-20 14:05:47,606 - TweetsAPI - INFO - Last Tweet @2019-01-17 20:17:42 - fetching some more tweets
2019-06-20 14:05:47,991 - TweetsAPI - INFO - Last Tweet @2019-01-16 14:12:09 - fetching some more tweets
2019-06-20 14:05:48,282 - TweetsAPI - INFO - Last Tweet @2019-01-14 17:21:03 - fetching some more tweets
2019-06-20 14:05:48,652 - TweetsAPI - INFO - Last Tweet @2019-01-11 20:52:02 - fetching some more tweets
2019-06-20 14:05:49,017 - TweetsAPI - INFO - Last Tweet @2019-01-09 16:59:01 - fetching some more tweets
2019-06-20 14:05:49,327 - TweetsAPI - INFO - Last Tweet @2019-01-07 14:25:27 - fetching some more tweets
2019-06-20 14:05:49,697 - TweetsAPI - INFO - Last Tweet @2019-01-01 00:12:54 - fetching some more tweets
2019-06-20 14:05:49,991 - TweetsAPI - INFO - Last Tweet @2018-12-21 17:01:21 - fetching some more tweets
2019-06-20 14:05:50,706 - TweetsAPI - INFO - Last Tweet @2018-12-18 15:13:38 - fetching some more tweets
2019-06-20 14:05:51,018 - TweetsAPI - INFO - Last Tweet @2018-12-13 02:13:26 - fetching some more tweets
2019-06-20 14:05:51,317 - TweetsAPI - INFO - Last Tweet @2018-12-09 17:43:19 - fetching some more tweets
2019-06-20 14:05:51,735 - TweetsAPI - INFO - Last Tweet @2018-12-06 14:08:03 - fetching some more tweets
2019-06-20 14:05:52,091 - TweetsAPI - INFO - Last Tweet @2018-12-05 15:31:04 - fetching some more tweets
2019-06-20 14:05:52,402 - TweetsAPI - INFO - Last Tweet @2018-12-04 14:59:50 - fetching some more tweets
2019-06-20 14:05:52,812 - TweetsAPI - INFO - Last Tweet @2018-11-30 16:59:17 - fetching some more tweets
2019-06-20 14:05:53,102 - TweetsAPI - INFO - Last Tweet @2018-11-28 14:29:03 - fetching some more tweets
2019-06-20 14:05:53,507 - TweetsAPI - INFO - Last Tweet @2018-11-25 16:25:55 - fetching some more tweets
2019-06-20 14:05:53,841 - TweetsAPI - INFO - Last Tweet @2018-11-19 15:52:18 - fetching some more tweets
2019-06-20 14:05:54,295 - TweetsAPI - INFO - Last Tweet @2018-11-15 02:31:19 - fetching some more tweets
2019-06-20 14:05:54,716 - TweetsAPI - INFO - Last Tweet @2018-11-13 17:40:01 - fetching some more tweets
2019-06-20 14:05:55,020 - TweetsAPI - INFO - Last Tweet @2018-11-10 20:29:02 - fetching some more tweets
2019-06-20 14:05:55,548 - TweetsAPI - INFO - Last Tweet @2018-11-08 00:18:02 - fetching some more tweets
2019-06-20 14:05:55,863 - TweetsAPI - INFO - Last Tweet @2018-11-06 21:18:16 - fetching some more tweets
2019-06-20 14:05:56,366 - TweetsAPI - INFO - Last Tweet @2018-11-05 19:40:02 - fetching some more tweets
2019-06-20 14:05:56,758 - TweetsAPI - INFO - Last Tweet @2018-11-02 21:47:01 - fetching some more tweets
2019-06-20 14:05:57,060 - TweetsAPI - INFO - Last Tweet @2018-10-31 18:34:02 - fetching some more tweets
2019-06-20 14:05:57,411 - TweetsAPI - INFO - Last Tweet @2018-10-29 14:46:26 - fetching some more tweets
2019-06-20 14:05:57,753 - TweetsAPI - INFO - Last Tweet @2018-10-26 16:41:34 - fetching some more tweets
2019-06-20 14:05:58,126 - TweetsAPI - INFO - Last Tweet @2018-10-24 18:20:36 - fetching some more tweets
2019-06-20 14:05:58,494 - TweetsAPI - INFO - Last Tweet @2018-10-23 13:21:57 - fetching some more tweets
2019-06-20 14:05:58,817 - TweetsAPI - INFO - Last Tweet @2018-10-21 15:49:01 - fetching some more tweets
2019-06-20 14:05:59,194 - TweetsAPI - INFO - Last Tweet @2018-10-18 13:07:15 - fetching some more tweets
2019-06-20 14:05:59,598 - TweetsAPI - INFO - Last Tweet @2018-10-16 15:55:15 - fetching some more tweets
2019-06-20 14:05:59,997 - TweetsAPI - INFO - Last Tweet @2018-10-14 15:02:02 - fetching some more tweets
2019-06-20 14:06:00,286 - TweetsAPI - INFO - Last Tweet @2018-10-11 15:33:03 - fetching some more tweets
2019-06-20 14:06:00,683 - TweetsAPI - INFO - Last Tweet @2018-10-05 22:20:17 - fetching some more tweets
2019-06-20 14:06:01,091 - TweetsAPI - INFO - Last Tweet @2018-10-03 16:34:30 - fetching some more tweets
2019-06-20 14:06:01,598 - TweetsAPI - INFO - Last Tweet @2018-09-28 15:15:01 - fetching some more tweets
2019-06-20 14:06:01,980 - TweetsAPI - INFO - Last Tweet @2018-09-25 21:54:01 - fetching some more tweets
2019-06-20 14:06:02,598 - TweetsAPI - INFO - Last Tweet @2018-09-22 19:05:31 - fetching some more tweets
2019-06-20 14:06:02,991 - TweetsAPI - INFO - Last Tweet @2018-09-20 21:38:01 - fetching some more tweets
2019-06-20 14:06:03,432 - TweetsAPI - INFO - Last Tweet @2018-09-18 18:01:00 - fetching some more tweets
2019-06-20 14:06:03,929 - TweetsAPI - INFO - Last Tweet @2018-09-14 14:26:55 - fetching some more tweets
2019-06-20 14:06:04,256 - TweetsAPI - INFO - Last Tweet @2018-09-12 15:33:00 - fetching some more tweets
2019-06-20 14:06:04,583 - TweetsAPI - INFO - Last Tweet @2018-09-10 14:07:42 - fetching some more tweets
2019-06-20 14:06:04,999 - TweetsAPI - INFO - Last Tweet @2018-09-05 18:52:44 - fetching some more tweets
2019-06-20 14:06:05,306 - TweetsAPI - INFO - Last Tweet @2018-09-02 15:05:03 - fetching some more tweets
2019-06-20 14:06:05,616 - TweetsAPI - INFO - Last Tweet @2018-08-29 16:55:49 - fetching some more tweets
2019-06-20 14:06:05,928 - TweetsAPI - INFO - Last Tweet @2018-08-28 14:45:32 - fetching some more tweets
2019-06-20 14:06:06,209 - TweetsAPI - INFO - Last Tweet @2018-08-24 20:29:31 - fetching some more tweets
2019-06-20 14:06:06,693 - TweetsAPI - INFO - Last Tweet @2018-08-23 15:35:00 - fetching some more tweets
2019-06-20 14:06:07,000 - TweetsAPI - INFO - Last Tweet @2018-08-21 16:23:26 - fetching some more tweets
2019-06-20 14:06:07,351 - TweetsAPI - INFO - Last Tweet @2018-08-20 14:13:31 - fetching some more tweets
2019-06-20 14:06:07,835 - TweetsAPI - INFO - Last Tweet @2018-08-17 17:55:28 - fetching some more tweets
2019-06-20 14:06:08,187 - TweetsAPI - INFO - Last Tweet @2018-08-15 17:13:03 - fetching some more tweets
2019-06-20 14:06:08,731 - TweetsAPI - INFO - Last Tweet @2018-08-13 16:05:09 - fetching some more tweets
2019-06-20 14:06:09,084 - TweetsAPI - INFO - Last Tweet @2018-08-07 19:27:26 - fetching some more tweets
2019-06-20 14:06:09,428 - TweetsAPI - INFO - Last Tweet @2018-08-02 18:42:46 - fetching some more tweets
2019-06-20 14:06:09,983 - TweetsAPI - INFO - Last Tweet @2018-07-27 18:00:49 - fetching some more tweets
2019-06-20 14:06:10,285 - TweetsAPI - INFO - Last Tweet @2018-07-25 16:42:32 - fetching some more tweets
2019-06-20 14:06:10,659 - TweetsAPI - INFO - Last Tweet @2018-07-19 16:04:04 - fetching some more tweets
2019-06-20 14:06:11,028 - TweetsAPI - INFO - Last Tweet @2018-07-13 22:42:01 - fetching some more tweets
2019-06-20 14:06:11,329 - TweetsAPI - INFO - Last Tweet @2018-07-10 17:07:23 - fetching some more tweets
2019-06-20 14:06:11,646 - TweetsAPI - INFO - Last Tweet @2018-07-06 18:20:35 - fetching some more tweets
2019-06-20 14:06:12,051 - TweetsAPI - INFO - Last Tweet @2018-07-03 12:49:44 - fetching some more tweets
2019-06-20 14:06:12,391 - TweetsAPI - INFO - Last Tweet @2018-06-28 21:15:53 - fetching some more tweets
2019-06-20 14:06:12,731 - TweetsAPI - INFO - Last Tweet @2018-06-25 12:39:18 - fetching some more tweets
2019-06-20 14:06:13,093 - TweetsAPI - INFO - Last Tweet @2018-06-20 14:54:33 - fetching some more tweets
2019-06-20 14:06:13,530 - TweetsAPI - INFO - Last Tweet @2018-06-15 15:18:57 - fetching some more tweets
2019-06-20 14:06:13,883 - TweetsAPI - INFO - Last Tweet @2018-06-13 12:21:02 - fetching some more tweets
2019-06-20 14:06:14,189 - TweetsAPI - INFO - Last Tweet @2018-06-08 14:51:10 - fetching some more tweets
2019-06-20 14:13:19,905 - TweetsAPI - DEBUG - Got user profile
2019-06-20 14:15:19,970 - TweetsAPI - DEBUG - total reach12744230
2019-06-20 14:15:19,970 - TweetsAPI - DEBUG - total reach12744230
2019-06-20 14:20:55,344 - TweetsAPI - DEBUG - Got user profile
2019-06-20 14:22:50,973 - TweetsAPI - DEBUG - total reach: 12744495
2019-06-20 14:22:50,973 - TweetsAPI - DEBUG - Avg. followers:356.55
2019-06-20 14:28:16,106 - TweetsAPI - INFO - Downloading '@IndianaUniv' timeline
2019-06-20 14:28:16,460 - TweetsAPI - INFO - Last Tweet @2019-06-14 18:08:22 - fetching some more tweets
2019-06-20 14:28:16,773 - TweetsAPI - INFO - Last Tweet @2019-06-14 15:39:16 - fetching some more tweets
2019-06-20 14:28:17,139 - TweetsAPI - INFO - Last Tweet @2019-06-14 13:29:18 - fetching some more tweets
2019-06-20 14:28:17,567 - TweetsAPI - INFO - Last Tweet @2019-06-14 00:35:45 - fetching some more tweets
2019-06-20 14:28:17,903 - TweetsAPI - INFO - Last Tweet @2019-06-13 18:15:43 - fetching some more tweets
2019-06-20 14:28:18,209 - TweetsAPI - INFO - Last Tweet @2019-06-09 18:46:00 - fetching some more tweets
2019-06-20 14:28:18,608 - TweetsAPI - INFO - Last Tweet @2019-06-03 17:39:53 - fetching some more tweets
2019-06-20 14:28:19,007 - TweetsAPI - INFO - Last Tweet @2019-05-26 15:47:01 - fetching some more tweets
2019-06-20 14:28:19,318 - TweetsAPI - INFO - Last Tweet @2019-05-17 01:50:04 - fetching some more tweets
2019-06-20 14:28:19,702 - TweetsAPI - INFO - Last Tweet @2019-05-09 22:13:01 - fetching some more tweets
2019-06-20 14:28:20,056 - TweetsAPI - INFO - Last Tweet @2019-05-05 14:23:57 - fetching some more tweets
2019-06-20 14:28:20,402 - TweetsAPI - INFO - Last Tweet @2019-04-30 14:01:21 - fetching some more tweets
2019-06-20 14:28:20,711 - TweetsAPI - INFO - Last Tweet @2019-04-20 17:01:02 - fetching some more tweets
2019-06-20 14:28:21,057 - TweetsAPI - INFO - Last Tweet @2019-04-14 14:30:55 - fetching some more tweets
2019-06-20 14:28:21,478 - TweetsAPI - INFO - Last Tweet @2019-04-10 18:14:16 - fetching some more tweets
2019-06-20 14:28:21,875 - TweetsAPI - INFO - Last Tweet @2019-04-10 18:05:46 - fetching some more tweets
2019-06-20 14:28:22,241 - TweetsAPI - INFO - Last Tweet @2019-04-10 17:54:16 - fetching some more tweets
2019-06-20 14:28:22,685 - TweetsAPI - INFO - Last Tweet @2019-04-10 17:51:02 - fetching some more tweets
2019-06-20 14:28:23,109 - TweetsAPI - INFO - Last Tweet @2019-04-10 17:11:10 - fetching some more tweets
2019-06-20 14:28:23,860 - TweetsAPI - INFO - Last Tweet @2019-04-10 17:02:48 - fetching some more tweets
2019-06-20 14:28:24,269 - TweetsAPI - INFO - Last Tweet @2019-04-10 16:57:08 - fetching some more tweets
2019-06-20 14:28:24,730 - TweetsAPI - INFO - Last Tweet @2019-04-10 16:43:40 - fetching some more tweets
2019-06-20 14:28:25,120 - TweetsAPI - INFO - Last Tweet @2019-04-10 16:40:59 - fetching some more tweets
2019-06-20 14:28:25,596 - TweetsAPI - INFO - Last Tweet @2019-04-10 15:59:22 - fetching some more tweets
2019-06-20 14:28:26,116 - TweetsAPI - INFO - Last Tweet @2019-04-10 15:53:11 - fetching some more tweets
2019-06-20 14:28:26,526 - TweetsAPI - INFO - Last Tweet @2019-04-10 15:47:35 - fetching some more tweets
2019-06-20 14:28:26,909 - TweetsAPI - INFO - Last Tweet @2019-04-10 15:43:52 - fetching some more tweets
2019-06-20 14:28:27,313 - TweetsAPI - INFO - Last Tweet @2019-04-10 15:35:11 - fetching some more tweets
2019-06-20 14:28:27,667 - TweetsAPI - INFO - Last Tweet @2019-04-10 15:25:27 - fetching some more tweets
2019-06-20 14:28:28,351 - TweetsAPI - INFO - Last Tweet @2019-04-10 15:21:54 - fetching some more tweets
2019-06-20 14:28:28,738 - TweetsAPI - INFO - Last Tweet @2019-04-10 15:05:15 - fetching some more tweets
2019-06-20 14:28:29,101 - TweetsAPI - INFO - Last Tweet @2019-04-10 15:00:56 - fetching some more tweets
2019-06-20 14:28:29,611 - TweetsAPI - INFO - Last Tweet @2019-04-10 14:56:32 - fetching some more tweets
2019-06-20 14:28:29,985 - TweetsAPI - INFO - Last Tweet @2019-04-10 14:52:05 - fetching some more tweets
2019-06-20 14:28:30,368 - TweetsAPI - INFO - Last Tweet @2019-04-10 14:48:17 - fetching some more tweets
2019-06-20 14:28:30,802 - TweetsAPI - INFO - Last Tweet @2019-04-10 14:45:10 - fetching some more tweets
2019-06-20 14:28:31,271 - TweetsAPI - INFO - Last Tweet @2019-04-10 14:43:14 - fetching some more tweets
2019-06-20 14:28:31,691 - TweetsAPI - INFO - Last Tweet @2019-04-10 14:40:50 - fetching some more tweets
2019-06-20 14:28:32,072 - TweetsAPI - INFO - Last Tweet @2019-04-10 14:37:00 - fetching some more tweets
2019-06-20 14:28:32,511 - TweetsAPI - INFO - Last Tweet @2019-04-10 14:34:44 - fetching some more tweets
2019-06-20 14:28:33,148 - TweetsAPI - INFO - Last Tweet @2019-04-10 14:32:58 - fetching some more tweets
2019-06-20 14:28:33,536 - TweetsAPI - INFO - Last Tweet @2019-04-10 14:29:31 - fetching some more tweets
2019-06-20 14:28:33,944 - TweetsAPI - INFO - Last Tweet @2019-04-10 14:26:18 - fetching some more tweets
2019-06-20 14:28:34,299 - TweetsAPI - INFO - Last Tweet @2019-04-10 14:20:33 - fetching some more tweets
2019-06-20 14:28:34,664 - TweetsAPI - INFO - Last Tweet @2019-04-10 14:13:57 - fetching some more tweets
2019-06-20 14:28:35,256 - TweetsAPI - INFO - Last Tweet @2019-04-10 14:10:56 - fetching some more tweets
2019-06-20 14:28:35,699 - TweetsAPI - INFO - Last Tweet @2019-04-10 14:00:11 - fetching some more tweets
2019-06-20 14:28:36,137 - TweetsAPI - INFO - Last Tweet @2019-04-10 13:55:29 - fetching some more tweets
2019-06-20 14:28:36,564 - TweetsAPI - INFO - Last Tweet @2019-04-10 13:44:16 - fetching some more tweets
2019-06-20 14:28:36,919 - TweetsAPI - INFO - Last Tweet @2019-04-08 20:36:00 - fetching some more tweets
2019-06-20 14:28:37,233 - TweetsAPI - INFO - Last Tweet @2019-04-05 15:50:11 - fetching some more tweets
2019-06-20 14:28:37,545 - TweetsAPI - INFO - Last Tweet @2019-04-05 14:17:34 - fetching some more tweets
2019-06-20 14:28:37,944 - TweetsAPI - INFO - Last Tweet @2019-04-05 12:28:18 - fetching some more tweets
2019-06-20 14:28:38,302 - TweetsAPI - INFO - Last Tweet @2019-04-04 17:36:11 - fetching some more tweets
2019-06-20 14:28:38,678 - TweetsAPI - INFO - Last Tweet @2019-03-30 02:04:17 - fetching some more tweets
2019-06-20 14:28:39,014 - TweetsAPI - INFO - Last Tweet @2019-03-23 22:21:25 - fetching some more tweets
2019-06-20 14:28:39,346 - TweetsAPI - INFO - Last Tweet @2019-03-19 15:51:28 - fetching some more tweets
2019-06-20 14:28:39,731 - TweetsAPI - INFO - Last Tweet @2019-03-13 19:07:35 - fetching some more tweets
2019-06-20 14:28:40,094 - TweetsAPI - INFO - Last Tweet @2019-03-06 20:10:00 - fetching some more tweets
2019-06-20 14:28:40,484 - TweetsAPI - INFO - Last Tweet @2019-02-28 20:52:53 - fetching some more tweets
2019-06-20 14:28:40,813 - TweetsAPI - INFO - Last Tweet @2019-02-25 17:23:21 - fetching some more tweets
2019-06-20 14:28:41,180 - TweetsAPI - INFO - Last Tweet @2019-02-19 15:48:17 - fetching some more tweets
2019-06-20 14:28:41,540 - TweetsAPI - INFO - Last Tweet @2019-02-14 14:27:14 - fetching some more tweets
2019-06-20 14:28:41,909 - TweetsAPI - INFO - Last Tweet @2019-02-11 14:39:10 - fetching some more tweets
2019-06-20 14:28:42,317 - TweetsAPI - INFO - Last Tweet @2019-02-07 17:05:31 - fetching some more tweets
2019-06-20 14:28:42,619 - TweetsAPI - INFO - Last Tweet @2019-02-04 14:08:18 - fetching some more tweets
2019-06-20 14:28:42,951 - TweetsAPI - INFO - Last Tweet @2019-02-01 16:41:56 - fetching some more tweets
2019-06-20 14:28:43,261 - TweetsAPI - INFO - Last Tweet @2019-02-01 14:26:05 - fetching some more tweets
2019-06-20 14:28:43,572 - TweetsAPI - INFO - Last Tweet @2019-01-31 20:19:42 - fetching some more tweets
2019-06-20 14:28:43,898 - TweetsAPI - INFO - Last Tweet @2019-01-31 18:36:42 - fetching some more tweets
2019-06-20 14:28:44,337 - TweetsAPI - INFO - Last Tweet @2019-01-29 23:00:43 - fetching some more tweets
2019-06-20 14:28:44,705 - TweetsAPI - INFO - Last Tweet @2019-01-25 22:05:02 - fetching some more tweets
2019-06-20 14:28:45,141 - TweetsAPI - INFO - Last Tweet @2019-01-23 14:20:50 - fetching some more tweets
2019-06-20 14:28:45,583 - TweetsAPI - INFO - Last Tweet @2019-01-18 21:25:00 - fetching some more tweets
2019-06-20 14:28:46,036 - TweetsAPI - INFO - Last Tweet @2019-01-15 15:29:52 - fetching some more tweets
2019-06-20 14:28:46,591 - TweetsAPI - INFO - Last Tweet @2019-01-12 19:38:57 - fetching some more tweets
2019-06-20 14:28:46,895 - TweetsAPI - INFO - Last Tweet @2019-01-08 15:04:57 - fetching some more tweets
2019-06-20 14:28:47,189 - TweetsAPI - INFO - Last Tweet @2019-01-03 15:45:35 - fetching some more tweets
2019-06-20 14:28:47,530 - TweetsAPI - INFO - Last Tweet @2018-12-29 21:23:00 - fetching some more tweets
2019-06-20 14:28:47,864 - TweetsAPI - INFO - Last Tweet @2018-12-26 14:06:32 - fetching some more tweets
2019-06-20 14:28:48,182 - TweetsAPI - INFO - Last Tweet @2018-12-18 22:23:17 - fetching some more tweets
2019-06-20 14:28:48,688 - TweetsAPI - INFO - Last Tweet @2018-12-13 14:22:53 - fetching some more tweets
2019-06-20 14:28:49,019 - TweetsAPI - INFO - Last Tweet @2018-12-07 18:38:03 - fetching some more tweets
2019-06-20 14:28:49,399 - TweetsAPI - INFO - Last Tweet @2018-12-07 14:14:55 - fetching some more tweets
2019-06-20 14:28:49,845 - TweetsAPI - INFO - Last Tweet @2018-12-06 20:36:48 - fetching some more tweets
2019-06-20 14:28:50,229 - TweetsAPI - INFO - Last Tweet @2018-12-06 14:25:23 - fetching some more tweets
2019-06-20 14:28:51,050 - TweetsAPI - INFO - Last Tweet @2018-12-03 18:23:42 - fetching some more tweets
2019-06-20 14:28:51,438 - TweetsAPI - INFO - Last Tweet @2018-11-29 16:50:02 - fetching some more tweets
2019-06-20 14:28:51,846 - TweetsAPI - INFO - Last Tweet @2018-11-26 18:32:28 - fetching some more tweets
2019-06-20 14:28:52,378 - TweetsAPI - INFO - Last Tweet @2018-11-19 14:33:47 - fetching some more tweets
2019-06-20 14:28:52,763 - TweetsAPI - INFO - Last Tweet @2018-11-14 14:23:00 - fetching some more tweets
2019-06-20 14:28:53,149 - TweetsAPI - INFO - Last Tweet @2018-11-10 23:52:42 - fetching some more tweets
2019-06-20 14:28:53,441 - TweetsAPI - INFO - Last Tweet @2018-11-07 15:57:00 - fetching some more tweets
2019-06-20 14:28:53,774 - TweetsAPI - INFO - Last Tweet @2018-11-03 14:03:50 - fetching some more tweets
2019-06-20 14:28:54,195 - TweetsAPI - INFO - Last Tweet @2018-10-30 16:15:53 - fetching some more tweets
2019-06-20 14:28:54,824 - TweetsAPI - INFO - Last Tweet @2018-10-26 15:09:54 - fetching some more tweets
2019-06-20 14:28:55,273 - TweetsAPI - INFO - Last Tweet @2018-10-22 19:30:05 - fetching some more tweets
2019-06-20 14:28:55,658 - TweetsAPI - INFO - Last Tweet @2018-10-19 00:29:01 - fetching some more tweets
2019-06-20 14:28:56,007 - TweetsAPI - INFO - Last Tweet @2018-10-16 18:11:47 - fetching some more tweets
2019-06-20 14:28:56,698 - TweetsAPI - INFO - Last Tweet @2018-10-13 17:14:00 - fetching some more tweets
2019-06-20 14:28:57,059 - TweetsAPI - INFO - Last Tweet @2018-10-09 21:03:00 - fetching some more tweets
2019-06-20 14:28:57,359 - TweetsAPI - INFO - Last Tweet @2018-10-05 18:08:06 - fetching some more tweets
2019-06-20 14:28:57,746 - TweetsAPI - INFO - Last Tweet @2018-10-05 14:57:17 - fetching some more tweets
2019-06-20 14:28:58,040 - TweetsAPI - INFO - Last Tweet @2018-10-05 12:09:37 - fetching some more tweets
2019-06-20 14:28:58,387 - TweetsAPI - INFO - Last Tweet @2018-10-04 18:00:19 - fetching some more tweets
2019-06-20 14:28:58,721 - TweetsAPI - INFO - Last Tweet @2018-10-03 15:34:50 - fetching some more tweets
2019-06-20 14:28:59,113 - TweetsAPI - INFO - Last Tweet @2018-09-29 15:47:02 - fetching some more tweets
2019-06-20 14:28:59,540 - TweetsAPI - INFO - Last Tweet @2018-09-25 21:35:02 - fetching some more tweets
2019-06-20 14:28:59,906 - TweetsAPI - INFO - Last Tweet @2018-09-18 12:18:06 - fetching some more tweets
2019-06-20 14:29:00,215 - TweetsAPI - INFO - Last Tweet @2018-09-07 13:12:41 - fetching some more tweets
2019-06-20 14:29:00,587 - TweetsAPI - INFO - Last Tweet @2018-09-01 15:00:02 - fetching some more tweets
2019-06-20 14:29:00,944 - TweetsAPI - INFO - Last Tweet @2018-08-24 15:01:50 - fetching some more tweets
2019-06-20 14:29:01,319 - TweetsAPI - INFO - Last Tweet @2018-08-20 13:31:01 - fetching some more tweets
2019-06-20 14:29:01,728 - TweetsAPI - INFO - Last Tweet @2018-08-16 14:48:59 - fetching some more tweets
2019-06-20 14:29:02,185 - TweetsAPI - INFO - Last Tweet @2018-08-13 14:01:37 - fetching some more tweets
2019-06-20 14:29:02,546 - TweetsAPI - INFO - Last Tweet @2018-08-10 18:56:10 - fetching some more tweets
2019-06-20 14:29:02,846 - TweetsAPI - INFO - Last Tweet @2018-08-10 15:25:25 - fetching some more tweets
2019-06-20 14:29:03,170 - TweetsAPI - INFO - Last Tweet @2018-08-09 21:54:56 - fetching some more tweets
2019-06-20 14:29:03,620 - TweetsAPI - INFO - Last Tweet @2018-08-09 15:32:14 - fetching some more tweets
2019-06-20 14:29:03,931 - TweetsAPI - INFO - Last Tweet @2018-08-08 17:51:32 - fetching some more tweets
2019-06-20 14:29:04,342 - TweetsAPI - INFO - Last Tweet @2018-08-08 14:03:53 - fetching some more tweets
2019-06-20 14:29:04,719 - TweetsAPI - INFO - Last Tweet @2018-08-06 19:02:06 - fetching some more tweets
2019-06-20 14:29:05,119 - TweetsAPI - INFO - Last Tweet @2018-08-01 18:00:07 - fetching some more tweets
2019-06-20 14:29:05,543 - TweetsAPI - INFO - Last Tweet @2018-07-28 19:01:02 - fetching some more tweets
2019-06-20 14:29:05,955 - TweetsAPI - INFO - Last Tweet @2018-07-25 21:54:01 - fetching some more tweets
2019-06-20 14:29:06,346 - TweetsAPI - INFO - Last Tweet @2018-07-20 18:14:52 - fetching some more tweets
2019-06-20 14:29:06,786 - TweetsAPI - INFO - Last Tweet @2018-07-16 17:42:38 - fetching some more tweets
2019-06-20 14:29:07,166 - TweetsAPI - INFO - Last Tweet @2018-07-12 14:11:37 - fetching some more tweets
2019-06-20 14:29:07,534 - TweetsAPI - INFO - Last Tweet @2018-07-10 15:00:27 - fetching some more tweets
2019-06-20 14:29:07,952 - TweetsAPI - INFO - Last Tweet @2018-07-02 19:41:03 - fetching some more tweets
2019-06-20 14:29:08,323 - TweetsAPI - INFO - Last Tweet @2018-06-27 20:53:21 - fetching some more tweets
2019-06-20 14:29:08,717 - TweetsAPI - INFO - Last Tweet @2018-06-22 23:33:14 - fetching some more tweets
2019-06-20 14:29:09,227 - TweetsAPI - INFO - Last Tweet @2018-06-22 14:50:55 - fetching some more tweets
2019-06-20 14:29:09,665 - TweetsAPI - INFO - Last Tweet @2018-06-19 19:38:46 - fetching some more tweets
2019-06-20 14:29:10,047 - TweetsAPI - INFO - Last Tweet @2018-06-17 10:31:12 - fetching some more tweets
2019-06-20 14:29:10,435 - TweetsAPI - INFO - Last Tweet @2018-06-15 16:25:13 - fetching some more tweets
2019-06-20 14:29:10,740 - TweetsAPI - INFO - Last Tweet @2018-06-15 14:03:05 - fetching some more tweets
2019-06-20 14:29:11,129 - TweetsAPI - INFO - Last Tweet @2018-06-14 20:18:27 - fetching some more tweets
2019-06-20 14:29:11,487 - TweetsAPI - INFO - Last Tweet @2018-06-14 18:31:23 - fetching some more tweets
2019-06-20 14:29:11,944 - TweetsAPI - INFO - Last Tweet @2018-06-13 16:03:50 - fetching some more tweets
2019-06-20 14:29:12,326 - TweetsAPI - INFO - Last Tweet @2018-06-09 19:40:00 - fetching some more tweets
2019-06-20 14:29:23,213 - TweetsAPI - DEBUG - Got user profile
2019-06-20 14:31:31,532 - TweetsAPI - DEBUG - total reach: 10916634
2019-06-20 14:31:31,532 - TweetsAPI - DEBUG - Avg. followers:146.29
